c:\users\mxnkilmt\documents\github\go_elo\mygui\project1\project1\x64\debug\vc143.pdb
c:\users\mxnkilmt\documents\github\go_elo\mygui\project1\project1\x64\debug\vc143.idb
c:\users\mxnkilmt\documents\github\go_elo\mygui\project1\project1\x64\debug\main.obj
c:\users\mxnkilmt\documents\github\go_elo\mygui\project1\project1\x64\debug\imgui_widgets.obj
c:\users\mxnkilmt\documents\github\go_elo\mygui\project1\project1\x64\debug\imgui_tables.obj
c:\users\mxnkilmt\documents\github\go_elo\mygui\project1\project1\x64\debug\imgui_impl_win32.obj
c:\users\mxnkilmt\documents\github\go_elo\mygui\project1\project1\x64\debug\imgui_impl_dx11.obj
c:\users\mxnkilmt\documents\github\go_elo\mygui\project1\project1\x64\debug\imgui_draw.obj
c:\users\mxnkilmt\documents\github\go_elo\mygui\project1\project1\x64\debug\imgui_demo.obj
c:\users\mxnkilmt\documents\github\go_elo\mygui\project1\project1\x64\debug\imgui.obj
c:\users\mxnkilmt\documents\github\go_elo\mygui\project1\project1\x64\debug\elo_calculate.obj
c:\users\mxnkilmt\documents\github\go_elo\mygui\project1\x64\debug\project1.exe
c:\users\mxnkilmt\documents\github\go_elo\mygui\project1\x64\debug\project1.pdb
c:\users\mxnkilmt\documents\github\go_elo\mygui\project1\project1\x64\debug\project1.ilk
c:\users\mxnkilmt\documents\github\go_elo\mygui\project1\project1\x64\debug\main.obj.enc
c:\users\mxnkilmt\documents\github\go_elo\mygui\project1\project1\x64\debug\project1.tlog\cl.command.1.tlog
c:\users\mxnkilmt\documents\github\go_elo\mygui\project1\project1\x64\debug\project1.tlog\cl.items.tlog
c:\users\mxnkilmt\documents\github\go_elo\mygui\project1\project1\x64\debug\project1.tlog\cl.read.1.tlog
c:\users\mxnkilmt\documents\github\go_elo\mygui\project1\project1\x64\debug\project1.tlog\cl.write.1.tlog
c:\users\mxnkilmt\documents\github\go_elo\mygui\project1\project1\x64\debug\project1.tlog\link.command.1.tlog
c:\users\mxnkilmt\documents\github\go_elo\mygui\project1\project1\x64\debug\project1.tlog\link.read.1.tlog
c:\users\mxnkilmt\documents\github\go_elo\mygui\project1\project1\x64\debug\project1.tlog\link.secondary.1.tlog
c:\users\mxnkilmt\documents\github\go_elo\mygui\project1\project1\x64\debug\project1.tlog\link.write.1.tlog
