c:\users\mxnkilmt\documents\github\go_elo\mygui\project1\project1\x64\release\vc143.pdb
c:\users\mxnkilmt\documents\github\go_elo\mygui\project1\project1\x64\release\main.obj
c:\users\mxnkilmt\documents\github\go_elo\mygui\project1\project1\x64\release\imgui_widgets.obj
c:\users\mxnkilmt\documents\github\go_elo\mygui\project1\project1\x64\release\imgui_tables.obj
c:\users\mxnkilmt\documents\github\go_elo\mygui\project1\project1\x64\release\imgui_impl_win32.obj
c:\users\mxnkilmt\documents\github\go_elo\mygui\project1\project1\x64\release\imgui_impl_dx11.obj
c:\users\mxnkilmt\documents\github\go_elo\mygui\project1\project1\x64\release\imgui_draw.obj
c:\users\mxnkilmt\documents\github\go_elo\mygui\project1\project1\x64\release\imgui_demo.obj
c:\users\mxnkilmt\documents\github\go_elo\mygui\project1\project1\x64\release\imgui.obj
c:\users\mxnkilmt\documents\github\go_elo\mygui\project1\project1\x64\release\elo_calculate.obj
c:\users\mxnkilmt\documents\github\go_elo\mygui\project1\x64\release\project1.exe
c:\users\mxnkilmt\documents\github\go_elo\mygui\project1\x64\release\project1.pdb
c:\users\mxnkilmt\documents\github\go_elo\mygui\project1\project1\x64\release\project1.ipdb
c:\users\mxnkilmt\documents\github\go_elo\mygui\project1\project1\x64\release\project1.iobj
c:\users\mxnkilmt\documents\github\go_elo\mygui\project1\project1\x64\release\project1.tlog\cl.command.1.tlog
c:\users\mxnkilmt\documents\github\go_elo\mygui\project1\project1\x64\release\project1.tlog\cl.items.tlog
c:\users\mxnkilmt\documents\github\go_elo\mygui\project1\project1\x64\release\project1.tlog\cl.read.1.tlog
c:\users\mxnkilmt\documents\github\go_elo\mygui\project1\project1\x64\release\project1.tlog\cl.write.1.tlog
c:\users\mxnkilmt\documents\github\go_elo\mygui\project1\project1\x64\release\project1.tlog\link.command.1.tlog
c:\users\mxnkilmt\documents\github\go_elo\mygui\project1\project1\x64\release\project1.tlog\link.read.1.tlog
c:\users\mxnkilmt\documents\github\go_elo\mygui\project1\project1\x64\release\project1.tlog\link.secondary.1.tlog
c:\users\mxnkilmt\documents\github\go_elo\mygui\project1\project1\x64\release\project1.tlog\link.write.1.tlog
